<?xml version="1.0" encoding="UTF-8"?>
<coverage generated="1733488503542" clover="3.2.0">
  <project timestamp="1733488503542" name="All files">
    <metrics statements="208" coveredstatements="205" conditionals="79" coveredconditionals="78" methods="21" coveredmethods="21" elements="308" coveredelements="304" complexity="0" loc="208" ncloc="208" packages="1" files="2" classes="2"/>
    <file name="json-parser.ts" path="C:\Users\srkii\OneDrive\Desktop\Siva\Coding Challenges\coding-challenges\src\2\json-parser.ts">
      <metrics statements="163" coveredstatements="160" conditionals="73" coveredconditionals="72" methods="18" coveredmethods="18"/>
      <line num="1" count="5" type="stmt"/>
      <line num="4" count="5" type="stmt"/>
      <line num="5" count="5" type="stmt"/>
      <line num="9" count="5" type="stmt"/>
      <line num="11" count="5" type="stmt"/>
      <line num="12" count="47" type="stmt"/>
      <line num="16" count="47" type="stmt"/>
      <line num="20" count="47" type="stmt"/>
      <line num="22" count="47" type="stmt"/>
      <line num="24" count="14" type="stmt"/>
      <line num="26" count="14" type="cond" truecount="1" falsecount="0"/>
      <line num="27" count="3" type="stmt"/>
      <line num="30" count="3" type="stmt"/>
      <line num="33" count="11" type="stmt"/>
      <line num="34" count="11" type="stmt"/>
      <line num="38" count="216" type="cond" truecount="18" falsecount="0"/>
      <line num="40" count="30" type="stmt"/>
      <line num="42" count="68" type="stmt"/>
      <line num="44" count="52" type="stmt"/>
      <line num="46" count="8" type="stmt"/>
      <line num="48" count="3" type="stmt"/>
      <line num="50" count="3" type="stmt"/>
      <line num="62" count="42" type="stmt"/>
      <line num="64" count="10" type="stmt"/>
      <line num="67" count="10" type="stmt"/>
      <line num="72" count="30" type="stmt"/>
      <line num="73" count="30" type="stmt"/>
      <line num="77" count="30" type="stmt"/>
      <line num="79" count="30" type="cond" truecount="2" falsecount="0"/>
      <line num="80" count="77" type="stmt"/>
      <line num="81" count="66" type="stmt"/>
      <line num="84" count="66" type="cond" truecount="2" falsecount="0"/>
      <line num="85" count="51" type="stmt"/>
      <line num="86" count="51" type="stmt"/>
      <line num="87" count="15" type="cond" truecount="2" falsecount="0"/>
      <line num="88" count="3" type="stmt"/>
      <line num="89" count="3" type="stmt"/>
      <line num="90" count="3" type="stmt"/>
      <line num="92" count="12" type="stmt"/>
      <line num="96" count="16" type="stmt"/>
      <line num="97" count="16" type="stmt"/>
      <line num="101" count="77" type="stmt"/>
      <line num="102" count="72" type="stmt"/>
      <line num="103" count="70" type="stmt"/>
      <line num="104" count="66" type="stmt"/>
      <line num="108" count="68" type="stmt"/>
      <line num="109" count="68" type="stmt"/>
      <line num="113" count="68" type="stmt"/>
      <line num="115" count="68" type="cond" truecount="2" falsecount="0"/>
      <line num="116" count="99" type="stmt"/>
      <line num="117" count="83" type="stmt"/>
      <line num="120" count="83" type="cond" truecount="2" falsecount="0"/>
      <line num="121" count="34" type="stmt"/>
      <line num="122" count="34" type="stmt"/>
      <line num="123" count="49" type="cond" truecount="2" falsecount="0"/>
      <line num="124" count="3" type="stmt"/>
      <line num="125" count="3" type="stmt"/>
      <line num="130" count="3" type="stmt"/>
      <line num="132" count="46" type="stmt"/>
      <line num="136" count="49" type="stmt"/>
      <line num="137" count="49" type="stmt"/>
      <line num="141" count="129" type="stmt"/>
      <line num="142" count="129" type="stmt"/>
      <line num="144" count="124" type="stmt"/>
      <line num="145" count="1308" type="cond" truecount="2" falsecount="0"/>
      <line num="146" count="37" type="stmt"/>
      <line num="148" count="1271" type="cond" truecount="1" falsecount="0"/>
      <line num="149" count="2" type="stmt"/>
      <line num="152" count="2" type="stmt"/>
      <line num="154" count="1269" type="stmt"/>
      <line num="155" count="1269" type="stmt"/>
      <line num="159" count="118" type="stmt"/>
      <line num="160" count="118" type="stmt"/>
      <line num="166" count="37" type="stmt"/>
      <line num="169" count="37" type="cond" truecount="1" falsecount="0"/>
      <line num="170" count="1" type="stmt"/>
      <line num="171" count="1" type="stmt"/>
      <line num="174" count="36" type="cond" truecount="10" falsecount="0"/>
      <line num="178" count="10" type="stmt"/>
      <line num="179" count="10" type="stmt"/>
      <line num="180" count="10" type="stmt"/>
      <line num="183" count="2" type="stmt"/>
      <line num="184" count="2" type="stmt"/>
      <line num="186" count="2" type="stmt"/>
      <line num="187" count="2" type="stmt"/>
      <line num="189" count="2" type="stmt"/>
      <line num="190" count="2" type="stmt"/>
      <line num="192" count="2" type="stmt"/>
      <line num="193" count="2" type="stmt"/>
      <line num="195" count="2" type="stmt"/>
      <line num="196" count="2" type="stmt"/>
      <line num="198" count="13" type="stmt"/>
      <line num="199" count="13" type="stmt"/>
      <line num="201" count="13" type="cond" truecount="0" falsecount="1"/>
      <line num="202" count="0" type="stmt"/>
      <line num="203" count="0" type="stmt"/>
      <line num="206" count="13" type="stmt"/>
      <line num="207" count="13" type="stmt"/>
      <line num="210" count="3" type="stmt"/>
      <line num="211" count="3" type="stmt"/>
      <line num="216" count="8" type="stmt"/>
      <line num="217" count="8" type="stmt"/>
      <line num="218" count="8" type="stmt"/>
      <line num="219" count="8" type="stmt"/>
      <line num="220" count="7" type="stmt"/>
      <line num="224" count="3" type="stmt"/>
      <line num="225" count="3" type="stmt"/>
      <line num="226" count="3" type="stmt"/>
      <line num="227" count="3" type="stmt"/>
      <line num="228" count="3" type="stmt"/>
      <line num="229" count="3" type="stmt"/>
      <line num="233" count="3" type="stmt"/>
      <line num="234" count="3" type="stmt"/>
      <line num="235" count="3" type="stmt"/>
      <line num="236" count="3" type="stmt"/>
      <line num="237" count="3" type="stmt"/>
      <line num="241" count="42" type="stmt"/>
      <line num="244" count="42" type="cond" truecount="1" falsecount="0"/>
      <line num="245" count="2" type="stmt"/>
      <line num="246" count="2" type="stmt"/>
      <line num="250" count="42" type="stmt"/>
      <line num="253" count="42" type="cond" truecount="1" falsecount="0"/>
      <line num="254" count="7" type="stmt"/>
      <line num="255" count="7" type="stmt"/>
      <line num="256" count="7" type="stmt"/>
      <line num="260" count="42" type="cond" truecount="1" falsecount="0"/>
      <line num="264" count="12" type="stmt"/>
      <line num="265" count="12" type="stmt"/>
      <line num="266" count="12" type="cond" truecount="1" falsecount="0"/>
      <line num="270" count="7" type="stmt"/>
      <line num="271" count="7" type="stmt"/>
      <line num="274" count="12" type="stmt"/>
      <line num="276" count="39" type="stmt"/>
      <line num="280" count="61" type="stmt"/>
      <line num="281" count="61" type="cond" truecount="2" falsecount="0"/>
      <line num="282" count="12" type="stmt"/>
      <line num="283" count="12" type="stmt"/>
      <line num="287" count="12" type="cond" truecount="1" falsecount="0"/>
      <line num="288" count="3" type="stmt"/>
      <line num="289" count="3" type="stmt"/>
      <line num="290" count="3" type="stmt"/>
      <line num="293" count="49" type="cond" truecount="2" falsecount="0"/>
      <line num="297" count="46" type="stmt"/>
      <line num="298" count="46" type="stmt"/>
      <line num="300" count="46" type="stmt"/>
      <line num="304" count="61" type="stmt"/>
      <line num="305" count="61" type="stmt"/>
      <line num="308" count="3" type="stmt"/>
      <line num="312" count="3" type="stmt"/>
      <line num="314" count="58" type="stmt"/>
      <line num="318" count="75" type="stmt"/>
      <line num="319" count="0" type="stmt"/>
      <line num="324" count="846" type="cond" truecount="3" falsecount="0"/>
      <line num="325" count="8" type="stmt"/>
      <line num="330" count="8" type="stmt"/>
      <line num="333" count="838" type="stmt"/>
      <line num="334" count="838" type="cond" truecount="1" falsecount="0"/>
      <line num="336" count="801" type="stmt"/>
      <line num="342" count="687" type="stmt"/>
      <line num="348" count="14" type="stmt"/>
      <line num="349" count="14" type="stmt"/>
      <line num="353" count="11852" type="stmt"/>
      <line num="357" count="1308" type="stmt"/>
    </file>
    <file name="tokens.ts" path="C:\Users\srkii\OneDrive\Desktop\Siva\Coding Challenges\coding-challenges\src\2\tokens.ts">
      <metrics statements="45" coveredstatements="45" conditionals="6" coveredconditionals="6" methods="3" coveredmethods="3"/>
      <line num="1" count="5" type="cond" truecount="2" falsecount="0"/>
      <line num="2" count="5" type="stmt"/>
      <line num="3" count="5" type="stmt"/>
      <line num="4" count="5" type="stmt"/>
      <line num="5" count="5" type="stmt"/>
      <line num="6" count="5" type="stmt"/>
      <line num="7" count="5" type="stmt"/>
      <line num="8" count="5" type="stmt"/>
      <line num="9" count="5" type="stmt"/>
      <line num="10" count="5" type="stmt"/>
      <line num="11" count="5" type="stmt"/>
      <line num="12" count="5" type="stmt"/>
      <line num="13" count="5" type="stmt"/>
      <line num="14" count="5" type="stmt"/>
      <line num="15" count="5" type="stmt"/>
      <line num="16" count="5" type="stmt"/>
      <line num="19" count="5" type="cond" truecount="2" falsecount="0"/>
      <line num="20" count="5" type="stmt"/>
      <line num="21" count="5" type="stmt"/>
      <line num="22" count="5" type="stmt"/>
      <line num="23" count="5" type="stmt"/>
      <line num="24" count="5" type="stmt"/>
      <line num="25" count="5" type="stmt"/>
      <line num="26" count="5" type="stmt"/>
      <line num="27" count="5" type="stmt"/>
      <line num="28" count="5" type="stmt"/>
      <line num="31" count="5" type="cond" truecount="2" falsecount="0"/>
      <line num="32" count="5" type="stmt"/>
      <line num="33" count="5" type="stmt"/>
      <line num="34" count="5" type="stmt"/>
      <line num="35" count="5" type="stmt"/>
      <line num="36" count="5" type="stmt"/>
      <line num="37" count="5" type="stmt"/>
      <line num="38" count="5" type="stmt"/>
      <line num="39" count="5" type="stmt"/>
      <line num="40" count="5" type="stmt"/>
      <line num="41" count="5" type="stmt"/>
      <line num="42" count="5" type="stmt"/>
      <line num="43" count="5" type="stmt"/>
      <line num="44" count="5" type="stmt"/>
      <line num="45" count="5" type="stmt"/>
      <line num="46" count="5" type="stmt"/>
      <line num="47" count="5" type="stmt"/>
      <line num="48" count="5" type="stmt"/>
      <line num="49" count="5" type="stmt"/>
    </file>
  </project>
</coverage>
