{"C:\\Users\\srkii\\OneDrive\\Desktop\\Siva\\Coding Challenges\\coding-challenges\\src\\2\\json-parser.ts": {"path":"C:\\Users\\srkii\\OneDrive\\Desktop\\Siva\\Coding Challenges\\coding-challenges\\src\\2\\json-parser.ts","statementMap":{"0":{"start":{"line":1,"column":0},"end":{"line":1,"column":59}},"1":{"start":{"line":4,"column":26},"end":{"line":4,"column":27}},"2":{"start":{"line":5,"column":26},"end":{"line":5,"column":27}},"3":{"start":{"line":9,"column":2},"end":{"line":9,"column":77}},"4":{"start":{"line":12,"column":10},"end":{"line":12,"column":18}},"5":{"start":{"line":16,"column":4},"end":{"line":16,"column":23}},"6":{"start":{"line":20,"column":4},"end":{"line":20,"column":29}},"7":{"start":{"line":22,"column":18},"end":{"line":22,"column":35}},"8":{"start":{"line":24,"column":4},"end":{"line":24,"column":29}},"9":{"start":{"line":26,"column":4},"end":{"line":31,"column":5}},"10":{"start":{"line":27,"column":6},"end":{"line":29,"column":8}},"11":{"start":{"line":30,"column":6},"end":{"line":30,"column":38}},"12":{"start":{"line":33,"column":4},"end":{"line":33,"column":49}},"13":{"start":{"line":34,"column":4},"end":{"line":34,"column":36}},"14":{"start":{"line":38,"column":4},"end":{"line":68,"column":5}},"15":{"start":{"line":40,"column":8},"end":{"line":40,"column":34}},"16":{"start":{"line":42,"column":8},"end":{"line":42,"column":33}},"17":{"start":{"line":44,"column":8},"end":{"line":44,"column":34}},"18":{"start":{"line":46,"column":8},"end":{"line":46,"column":32}},"19":{"start":{"line":48,"column":8},"end":{"line":48,"column":33}},"20":{"start":{"line":50,"column":8},"end":{"line":50,"column":32}},"21":{"start":{"line":62,"column":8},"end":{"line":62,"column":34}},"22":{"start":{"line":64,"column":8},"end":{"line":66,"column":10}},"23":{"start":{"line":67,"column":8},"end":{"line":67,"column":40}},"24":{"start":{"line":72,"column":28},"end":{"line":72,"column":30}},"25":{"start":{"line":73,"column":4},"end":{"line":73,"column":37}},"26":{"start":{"line":77,"column":20},"end":{"line":77,"column":24}},"27":{"start":{"line":79,"column":4},"end":{"line":94,"column":5}},"28":{"start":{"line":80,"column":19},"end":{"line":80,"column":35}},"29":{"start":{"line":81,"column":6},"end":{"line":81,"column":33}},"30":{"start":{"line":84,"column":6},"end":{"line":93,"column":7}},"31":{"start":{"line":85,"column":8},"end":{"line":85,"column":34}},"32":{"start":{"line":86,"column":8},"end":{"line":86,"column":25}},"33":{"start":{"line":87,"column":13},"end":{"line":93,"column":7}},"34":{"start":{"line":88,"column":8},"end":{"line":88,"column":26}},"35":{"start":{"line":89,"column":8},"end":{"line":89,"column":62}},"36":{"start":{"line":90,"column":8},"end":{"line":90,"column":40}},"37":{"start":{"line":92,"column":8},"end":{"line":92,"column":26}},"38":{"start":{"line":96,"column":4},"end":{"line":96,"column":35}},"39":{"start":{"line":97,"column":4},"end":{"line":97,"column":15}},"40":{"start":{"line":101,"column":16},"end":{"line":101,"column":34}},"41":{"start":{"line":102,"column":4},"end":{"line":102,"column":35}},"42":{"start":{"line":103,"column":18},"end":{"line":103,"column":35}},"43":{"start":{"line":104,"column":4},"end":{"line":104,"column":26}},"44":{"start":{"line":108,"column":27},"end":{"line":108,"column":29}},"45":{"start":{"line":109,"column":4},"end":{"line":109,"column":36}},"46":{"start":{"line":113,"column":20},"end":{"line":113,"column":24}},"47":{"start":{"line":115,"column":4},"end":{"line":134,"column":5}},"48":{"start":{"line":116,"column":20},"end":{"line":116,"column":37}},"49":{"start":{"line":117,"column":6},"end":{"line":117,"column":22}},"50":{"start":{"line":120,"column":6},"end":{"line":133,"column":7}},"51":{"start":{"line":121,"column":8},"end":{"line":121,"column":34}},"52":{"start":{"line":122,"column":8},"end":{"line":122,"column":25}},"53":{"start":{"line":123,"column":13},"end":{"line":133,"column":7}},"54":{"start":{"line":124,"column":8},"end":{"line":124,"column":26}},"55":{"start":{"line":125,"column":8},"end":{"line":129,"column":10}},"56":{"start":{"line":130,"column":8},"end":{"line":130,"column":40}},"57":{"start":{"line":132,"column":8},"end":{"line":132,"column":26}},"58":{"start":{"line":136,"column":4},"end":{"line":136,"column":34}},"59":{"start":{"line":137,"column":4},"end":{"line":137,"column":15}},"60":{"start":{"line":141,"column":14},"end":{"line":141,"column":16}},"61":{"start":{"line":142,"column":4},"end":{"line":142,"column":30}},"62":{"start":{"line":144,"column":4},"end":{"line":157,"column":5}},"63":{"start":{"line":145,"column":6},"end":{"line":156,"column":7}},"64":{"start":{"line":146,"column":8},"end":{"line":146,"column":34}},"65":{"start":{"line":148,"column":8},"end":{"line":153,"column":9}},"66":{"start":{"line":149,"column":10},"end":{"line":151,"column":12}},"67":{"start":{"line":152,"column":10},"end":{"line":152,"column":42}},"68":{"start":{"line":154,"column":8},"end":{"line":154,"column":35}},"69":{"start":{"line":155,"column":8},"end":{"line":155,"column":19}},"70":{"start":{"line":159,"column":4},"end":{"line":159,"column":30}},"71":{"start":{"line":160,"column":4},"end":{"line":160,"column":15}},"72":{"start":{"line":166,"column":4},"end":{"line":166,"column":38}},"73":{"start":{"line":169,"column":4},"end":{"line":172,"column":5}},"74":{"start":{"line":170,"column":6},"end":{"line":170,"column":62}},"75":{"start":{"line":171,"column":6},"end":{"line":171,"column":38}},"76":{"start":{"line":174,"column":4},"end":{"line":212,"column":5}},"77":{"start":{"line":178,"column":18},"end":{"line":178,"column":37}},"78":{"start":{"line":179,"column":8},"end":{"line":179,"column":23}},"79":{"start":{"line":180,"column":8},"end":{"line":180,"column":17}},"80":{"start":{"line":183,"column":8},"end":{"line":183,"column":23}},"81":{"start":{"line":184,"column":8},"end":{"line":184,"column":31}},"82":{"start":{"line":186,"column":8},"end":{"line":186,"column":23}},"83":{"start":{"line":187,"column":8},"end":{"line":187,"column":31}},"84":{"start":{"line":189,"column":8},"end":{"line":189,"column":23}},"85":{"start":{"line":190,"column":8},"end":{"line":190,"column":31}},"86":{"start":{"line":192,"column":8},"end":{"line":192,"column":23}},"87":{"start":{"line":193,"column":8},"end":{"line":193,"column":32}},"88":{"start":{"line":195,"column":8},"end":{"line":195,"column":23}},"89":{"start":{"line":196,"column":8},"end":{"line":196,"column":36}},"90":{"start":{"line":198,"column":8},"end":{"line":198,"column":23}},"91":{"start":{"line":199,"column":21},"end":{"line":199,"column":79}},"92":{"start":{"line":201,"column":8},"end":{"line":204,"column":9}},"93":{"start":{"line":202,"column":10},"end":{"line":202,"column":66}},"94":{"start":{"line":203,"column":10},"end":{"line":203,"column":42}},"95":{"start":{"line":206,"column":8},"end":{"line":206,"column":22}},"96":{"start":{"line":207,"column":8},"end":{"line":207,"column":41}},"97":{"start":{"line":210,"column":8},"end":{"line":210,"column":72}},"98":{"start":{"line":211,"column":8},"end":{"line":211,"column":40}},"99":{"start":{"line":216,"column":4},"end":{"line":216,"column":22}},"100":{"start":{"line":217,"column":4},"end":{"line":217,"column":22}},"101":{"start":{"line":218,"column":4},"end":{"line":218,"column":22}},"102":{"start":{"line":219,"column":4},"end":{"line":219,"column":22}},"103":{"start":{"line":220,"column":4},"end":{"line":220,"column":16}},"104":{"start":{"line":224,"column":4},"end":{"line":224,"column":22}},"105":{"start":{"line":225,"column":4},"end":{"line":225,"column":22}},"106":{"start":{"line":226,"column":4},"end":{"line":226,"column":22}},"107":{"start":{"line":227,"column":4},"end":{"line":227,"column":22}},"108":{"start":{"line":228,"column":4},"end":{"line":228,"column":22}},"109":{"start":{"line":229,"column":4},"end":{"line":229,"column":17}},"110":{"start":{"line":233,"column":4},"end":{"line":233,"column":22}},"111":{"start":{"line":234,"column":4},"end":{"line":234,"column":22}},"112":{"start":{"line":235,"column":4},"end":{"line":235,"column":22}},"113":{"start":{"line":236,"column":4},"end":{"line":236,"column":22}},"114":{"start":{"line":237,"column":4},"end":{"line":237,"column":16}},"115":{"start":{"line":241,"column":14},"end":{"line":241,"column":16}},"116":{"start":{"line":244,"column":4},"end":{"line":247,"column":5}},"117":{"start":{"line":245,"column":6},"end":{"line":245,"column":33}},"118":{"start":{"line":246,"column":6},"end":{"line":246,"column":38}},"119":{"start":{"line":250,"column":4},"end":{"line":250,"column":30}},"120":{"start":{"line":253,"column":4},"end":{"line":257,"column":5}},"121":{"start":{"line":254,"column":6},"end":{"line":254,"column":33}},"122":{"start":{"line":255,"column":6},"end":{"line":255,"column":36}},"123":{"start":{"line":256,"column":6},"end":{"line":256,"column":36}},"124":{"start":{"line":260,"column":4},"end":{"line":275,"column":5}},"125":{"start":{"line":264,"column":6},"end":{"line":264,"column":33}},"126":{"start":{"line":265,"column":6},"end":{"line":265,"column":21}},"127":{"start":{"line":266,"column":6},"end":{"line":272,"column":7}},"128":{"start":{"line":270,"column":8},"end":{"line":270,"column":35}},"129":{"start":{"line":271,"column":8},"end":{"line":271,"column":23}},"130":{"start":{"line":274,"column":6},"end":{"line":274,"column":36}},"131":{"start":{"line":276,"column":4},"end":{"line":276,"column":27}},"132":{"start":{"line":280,"column":14},"end":{"line":280,"column":16}},"133":{"start":{"line":281,"column":4},"end":{"line":313,"column":5}},"134":{"start":{"line":282,"column":6},"end":{"line":282,"column":33}},"135":{"start":{"line":283,"column":6},"end":{"line":283,"column":37}},"136":{"start":{"line":287,"column":6},"end":{"line":292,"column":7}},"137":{"start":{"line":288,"column":8},"end":{"line":291,"column":9}},"138":{"start":{"line":289,"column":10},"end":{"line":289,"column":37}},"139":{"start":{"line":290,"column":10},"end":{"line":290,"column":41}},"140":{"start":{"line":293,"column":11},"end":{"line":313,"column":5}},"141":{"start":{"line":297,"column":6},"end":{"line":297,"column":33}},"142":{"start":{"line":298,"column":6},"end":{"line":298,"column":21}},"143":{"start":{"line":300,"column":6},"end":{"line":306,"column":7}},"144":{"start":{"line":304,"column":8},"end":{"line":304,"column":35}},"145":{"start":{"line":305,"column":8},"end":{"line":305,"column":23}},"146":{"start":{"line":308,"column":6},"end":{"line":311,"column":8}},"147":{"start":{"line":312,"column":6},"end":{"line":312,"column":38}},"148":{"start":{"line":314,"column":4},"end":{"line":314,"column":15}},"149":{"start":{"line":318,"column":4},"end":{"line":320,"column":5}},"150":{"start":{"line":319,"column":6},"end":{"line":319,"column":21}},"151":{"start":{"line":324,"column":4},"end":{"line":331,"column":5}},"152":{"start":{"line":325,"column":6},"end":{"line":329,"column":8}},"153":{"start":{"line":330,"column":6},"end":{"line":330,"column":38}},"154":{"start":{"line":333,"column":4},"end":{"line":333,"column":15}},"155":{"start":{"line":334,"column":4},"end":{"line":344,"column":5}},"156":{"start":{"line":336,"column":6},"end":{"line":343,"column":7}},"157":{"start":{"line":342,"column":8},"end":{"line":342,"column":19}},"158":{"start":{"line":348,"column":4},"end":{"line":348,"column":29}},"159":{"start":{"line":349,"column":4},"end":{"line":349,"column":58}},"160":{"start":{"line":353,"column":4},"end":{"line":353,"column":39}},"161":{"start":{"line":357,"column":4},"end":{"line":357,"column":62}},"162":{"start":{"line":11,"column":0},"end":{"line":11,"column":13}}},"fnMap":{"0":{"name":"(anonymous_0)","decl":{"start":{"line":15,"column":2},"end":{"line":15,"column":14}},"loc":{"start":{"line":15,"column":27},"end":{"line":17,"column":3}}},"1":{"name":"(anonymous_1)","decl":{"start":{"line":19,"column":9},"end":{"line":19,"column":14}},"loc":{"start":{"line":19,"column":14},"end":{"line":35,"column":3}}},"2":{"name":"(anonymous_2)","decl":{"start":{"line":37,"column":10},"end":{"line":37,"column":20}},"loc":{"start":{"line":37,"column":20},"end":{"line":69,"column":3}}},"3":{"name":"(anonymous_3)","decl":{"start":{"line":71,"column":10},"end":{"line":71,"column":21}},"loc":{"start":{"line":71,"column":21},"end":{"line":98,"column":3}}},"4":{"name":"(anonymous_4)","decl":{"start":{"line":100,"column":10},"end":{"line":100,"column":19}},"loc":{"start":{"line":100,"column":19},"end":{"line":105,"column":3}}},"5":{"name":"(anonymous_5)","decl":{"start":{"line":107,"column":10},"end":{"line":107,"column":20}},"loc":{"start":{"line":107,"column":20},"end":{"line":138,"column":3}}},"6":{"name":"(anonymous_6)","decl":{"start":{"line":140,"column":10},"end":{"line":140,"column":21}},"loc":{"start":{"line":140,"column":21},"end":{"line":161,"column":3}}},"7":{"name":"(anonymous_7)","decl":{"start":{"line":163,"column":10},"end":{"line":163,"column":21}},"loc":{"start":{"line":163,"column":21},"end":{"line":213,"column":3}}},"8":{"name":"(anonymous_8)","decl":{"start":{"line":215,"column":10},"end":{"line":215,"column":19}},"loc":{"start":{"line":215,"column":19},"end":{"line":221,"column":3}}},"9":{"name":"(anonymous_9)","decl":{"start":{"line":223,"column":10},"end":{"line":223,"column":20}},"loc":{"start":{"line":223,"column":20},"end":{"line":230,"column":3}}},"10":{"name":"(anonymous_10)","decl":{"start":{"line":232,"column":10},"end":{"line":232,"column":19}},"loc":{"start":{"line":232,"column":19},"end":{"line":238,"column":3}}},"11":{"name":"(anonymous_11)","decl":{"start":{"line":240,"column":10},"end":{"line":240,"column":21}},"loc":{"start":{"line":240,"column":21},"end":{"line":277,"column":3}}},"12":{"name":"(anonymous_12)","decl":{"start":{"line":279,"column":10},"end":{"line":279,"column":21}},"loc":{"start":{"line":279,"column":65},"end":{"line":315,"column":3}}},"13":{"name":"(anonymous_13)","decl":{"start":{"line":317,"column":10},"end":{"line":317,"column":27}},"loc":{"start":{"line":317,"column":27},"end":{"line":321,"column":3}}},"14":{"name":"(anonymous_14)","decl":{"start":{"line":323,"column":10},"end":{"line":323,"column":17}},"loc":{"start":{"line":323,"column":57},"end":{"line":345,"column":3}}},"15":{"name":"(anonymous_15)","decl":{"start":{"line":347,"column":10},"end":{"line":347,"column":17}},"loc":{"start":{"line":347,"column":17},"end":{"line":350,"column":3}}},"16":{"name":"(anonymous_16)","decl":{"start":{"line":352,"column":10},"end":{"line":352,"column":22}},"loc":{"start":{"line":352,"column":22},"end":{"line":354,"column":3}}},"17":{"name":"(anonymous_17)","decl":{"start":{"line":356,"column":10},"end":{"line":356,"column":23}},"loc":{"start":{"line":356,"column":23},"end":{"line":358,"column":3}}}},"branchMap":{"0":{"loc":{"start":{"line":26,"column":4},"end":{"line":31,"column":5}},"type":"if","locations":[{"start":{"line":26,"column":4},"end":{"line":31,"column":5}}]},"1":{"loc":{"start":{"line":38,"column":4},"end":{"line":68,"column":5}},"type":"switch","locations":[{"start":{"line":39,"column":6},"end":{"line":40,"column":34}},{"start":{"line":41,"column":6},"end":{"line":42,"column":33}},{"start":{"line":43,"column":6},"end":{"line":44,"column":34}},{"start":{"line":45,"column":6},"end":{"line":46,"column":32}},{"start":{"line":47,"column":6},"end":{"line":48,"column":33}},{"start":{"line":49,"column":6},"end":{"line":50,"column":32}},{"start":{"line":51,"column":6},"end":{"line":51,"column":28}},{"start":{"line":52,"column":6},"end":{"line":52,"column":27}},{"start":{"line":53,"column":6},"end":{"line":53,"column":27}},{"start":{"line":54,"column":6},"end":{"line":54,"column":29}},{"start":{"line":55,"column":6},"end":{"line":55,"column":28}},{"start":{"line":56,"column":6},"end":{"line":56,"column":28}},{"start":{"line":57,"column":6},"end":{"line":57,"column":27}},{"start":{"line":58,"column":6},"end":{"line":58,"column":29}},{"start":{"line":59,"column":6},"end":{"line":59,"column":29}},{"start":{"line":60,"column":6},"end":{"line":60,"column":28}},{"start":{"line":61,"column":6},"end":{"line":62,"column":34}},{"start":{"line":63,"column":6},"end":{"line":67,"column":40}}]},"2":{"loc":{"start":{"line":79,"column":11},"end":{"line":79,"column":64}},"type":"binary-expr","locations":[{"start":{"line":79,"column":11},"end":{"line":79,"column":51}},{"start":{"line":79,"column":55},"end":{"line":79,"column":64}}]},"3":{"loc":{"start":{"line":84,"column":6},"end":{"line":93,"column":7}},"type":"if","locations":[{"start":{"line":84,"column":6},"end":{"line":93,"column":7}},{"start":{"line":87,"column":13},"end":{"line":93,"column":7}}]},"4":{"loc":{"start":{"line":87,"column":13},"end":{"line":93,"column":7}},"type":"if","locations":[{"start":{"line":87,"column":13},"end":{"line":93,"column":7}},{"start":{"line":91,"column":13},"end":{"line":93,"column":7}}]},"5":{"loc":{"start":{"line":115,"column":11},"end":{"line":115,"column":63}},"type":"binary-expr","locations":[{"start":{"line":115,"column":11},"end":{"line":115,"column":50}},{"start":{"line":115,"column":54},"end":{"line":115,"column":63}}]},"6":{"loc":{"start":{"line":120,"column":6},"end":{"line":133,"column":7}},"type":"if","locations":[{"start":{"line":120,"column":6},"end":{"line":133,"column":7}},{"start":{"line":123,"column":13},"end":{"line":133,"column":7}}]},"7":{"loc":{"start":{"line":123,"column":13},"end":{"line":133,"column":7}},"type":"if","locations":[{"start":{"line":123,"column":13},"end":{"line":133,"column":7}},{"start":{"line":131,"column":13},"end":{"line":133,"column":7}}]},"8":{"loc":{"start":{"line":145,"column":6},"end":{"line":156,"column":7}},"type":"if","locations":[{"start":{"line":145,"column":6},"end":{"line":156,"column":7}},{"start":{"line":147,"column":13},"end":{"line":156,"column":7}}]},"9":{"loc":{"start":{"line":148,"column":8},"end":{"line":153,"column":9}},"type":"if","locations":[{"start":{"line":148,"column":8},"end":{"line":153,"column":9}}]},"10":{"loc":{"start":{"line":169,"column":4},"end":{"line":172,"column":5}},"type":"if","locations":[{"start":{"line":169,"column":4},"end":{"line":172,"column":5}}]},"11":{"loc":{"start":{"line":174,"column":4},"end":{"line":212,"column":5}},"type":"switch","locations":[{"start":{"line":175,"column":6},"end":{"line":175,"column":29}},{"start":{"line":176,"column":6},"end":{"line":176,"column":39}},{"start":{"line":177,"column":6},"end":{"line":181,"column":7}},{"start":{"line":182,"column":6},"end":{"line":184,"column":31}},{"start":{"line":185,"column":6},"end":{"line":187,"column":31}},{"start":{"line":188,"column":6},"end":{"line":190,"column":31}},{"start":{"line":191,"column":6},"end":{"line":193,"column":32}},{"start":{"line":194,"column":6},"end":{"line":196,"column":36}},{"start":{"line":197,"column":6},"end":{"line":208,"column":7}},{"start":{"line":209,"column":6},"end":{"line":211,"column":40}}]},"12":{"loc":{"start":{"line":201,"column":8},"end":{"line":204,"column":9}},"type":"if","locations":[{"start":{"line":201,"column":8},"end":{"line":204,"column":9}}]},"13":{"loc":{"start":{"line":244,"column":4},"end":{"line":247,"column":5}},"type":"if","locations":[{"start":{"line":244,"column":4},"end":{"line":247,"column":5}}]},"14":{"loc":{"start":{"line":253,"column":4},"end":{"line":257,"column":5}},"type":"if","locations":[{"start":{"line":253,"column":4},"end":{"line":257,"column":5}}]},"15":{"loc":{"start":{"line":260,"column":4},"end":{"line":275,"column":5}},"type":"if","locations":[{"start":{"line":260,"column":4},"end":{"line":275,"column":5}}]},"16":{"loc":{"start":{"line":261,"column":6},"end":{"line":262,"column":58}},"type":"binary-expr","locations":[{"start":{"line":261,"column":6},"end":{"line":261,"column":56}},{"start":{"line":262,"column":6},"end":{"line":262,"column":58}}]},"17":{"loc":{"start":{"line":266,"column":6},"end":{"line":272,"column":7}},"type":"if","locations":[{"start":{"line":266,"column":6},"end":{"line":272,"column":7}}]},"18":{"loc":{"start":{"line":267,"column":8},"end":{"line":268,"column":48}},"type":"binary-expr","locations":[{"start":{"line":267,"column":8},"end":{"line":267,"column":47}},{"start":{"line":268,"column":8},"end":{"line":268,"column":48}}]},"19":{"loc":{"start":{"line":279,"column":22},"end":{"line":279,"column":65}},"type":"default-arg","locations":[{"start":{"line":279,"column":60},"end":{"line":279,"column":65}}]},"20":{"loc":{"start":{"line":281,"column":4},"end":{"line":313,"column":5}},"type":"if","locations":[{"start":{"line":281,"column":4},"end":{"line":313,"column":5}},{"start":{"line":293,"column":11},"end":{"line":313,"column":5}}]},"21":{"loc":{"start":{"line":287,"column":6},"end":{"line":292,"column":7}},"type":"if","locations":[{"start":{"line":287,"column":6},"end":{"line":292,"column":7}}]},"22":{"loc":{"start":{"line":293,"column":11},"end":{"line":313,"column":5}},"type":"if","locations":[{"start":{"line":293,"column":11},"end":{"line":313,"column":5}},{"start":{"line":307,"column":11},"end":{"line":313,"column":5}}]},"23":{"loc":{"start":{"line":294,"column":6},"end":{"line":295,"column":45}},"type":"binary-expr","locations":[{"start":{"line":294,"column":6},"end":{"line":294,"column":44}},{"start":{"line":295,"column":6},"end":{"line":295,"column":45}}]},"24":{"loc":{"start":{"line":301,"column":8},"end":{"line":302,"column":47}},"type":"binary-expr","locations":[{"start":{"line":301,"column":8},"end":{"line":301,"column":47}},{"start":{"line":302,"column":8},"end":{"line":302,"column":47}}]},"25":{"loc":{"start":{"line":323,"column":37},"end":{"line":323,"column":57}},"type":"default-arg","locations":[{"start":{"line":323,"column":53},"end":{"line":323,"column":57}}]},"26":{"loc":{"start":{"line":324,"column":4},"end":{"line":331,"column":5}},"type":"if","locations":[{"start":{"line":324,"column":4},"end":{"line":331,"column":5}}]},"27":{"loc":{"start":{"line":324,"column":8},"end":{"line":324,"column":52}},"type":"binary-expr","locations":[{"start":{"line":324,"column":8},"end":{"line":324,"column":16}},{"start":{"line":324,"column":20},"end":{"line":324,"column":52}}]},"28":{"loc":{"start":{"line":334,"column":4},"end":{"line":344,"column":5}},"type":"if","locations":[{"start":{"line":334,"column":4},"end":{"line":344,"column":5}}]},"29":{"loc":{"start":{"line":337,"column":8},"end":{"line":340,"column":36}},"type":"binary-expr","locations":[{"start":{"line":337,"column":8},"end":{"line":337,"column":35}},{"start":{"line":338,"column":8},"end":{"line":338,"column":36}},{"start":{"line":339,"column":8},"end":{"line":339,"column":36}},{"start":{"line":340,"column":8},"end":{"line":340,"column":36}}]}},"s":{"0":5,"1":5,"2":5,"3":5,"4":47,"5":47,"6":47,"7":47,"8":14,"9":14,"10":3,"11":3,"12":11,"13":11,"14":216,"15":30,"16":68,"17":52,"18":8,"19":3,"20":3,"21":42,"22":10,"23":10,"24":30,"25":30,"26":30,"27":30,"28":77,"29":66,"30":66,"31":51,"32":51,"33":15,"34":3,"35":3,"36":3,"37":12,"38":16,"39":16,"40":77,"41":72,"42":70,"43":66,"44":68,"45":68,"46":68,"47":68,"48":99,"49":83,"50":83,"51":34,"52":34,"53":49,"54":3,"55":3,"56":3,"57":46,"58":49,"59":49,"60":129,"61":129,"62":124,"63":1308,"64":37,"65":1271,"66":2,"67":2,"68":1269,"69":1269,"70":118,"71":118,"72":37,"73":37,"74":1,"75":1,"76":36,"77":10,"78":10,"79":10,"80":2,"81":2,"82":2,"83":2,"84":2,"85":2,"86":2,"87":2,"88":2,"89":2,"90":13,"91":13,"92":13,"93":0,"94":0,"95":13,"96":13,"97":3,"98":3,"99":8,"100":8,"101":8,"102":8,"103":7,"104":3,"105":3,"106":3,"107":3,"108":3,"109":3,"110":3,"111":3,"112":3,"113":3,"114":3,"115":42,"116":42,"117":2,"118":2,"119":42,"120":42,"121":7,"122":7,"123":7,"124":42,"125":12,"126":12,"127":12,"128":7,"129":7,"130":12,"131":39,"132":61,"133":61,"134":12,"135":12,"136":12,"137":3,"138":3,"139":3,"140":49,"141":46,"142":46,"143":46,"144":61,"145":61,"146":3,"147":3,"148":58,"149":75,"150":0,"151":846,"152":8,"153":8,"154":838,"155":838,"156":801,"157":687,"158":14,"159":14,"160":11852,"161":1308,"162":5},"f":{"0":47,"1":47,"2":216,"3":30,"4":77,"5":68,"6":129,"7":37,"8":8,"9":3,"10":3,"11":42,"12":61,"13":75,"14":846,"15":14,"16":11852,"17":1308},"b":{"0":[3],"1":[30,68,52,8,3,3,9,23,28,30,32,34,36,38,38,40,42,10],"2":[93,18],"3":[51,15],"4":[3,12],"5":[148,50],"6":[34,49],"7":[3,46],"8":[37,1271],"9":[2],"10":[1],"11":[6,8,10,2,2,2,2,2,13,3],"12":[0],"13":[2],"14":[7],"15":[12],"16":[42,32],"17":[7],"18":[12,8],"19":[42],"20":[12,49],"21":[3],"22":[46,3],"23":[49,48],"24":[107,73],"25":[809],"26":[8],"27":[846,687],"28":[801],"29":[1488,992,991,896]}}
,"C:\\Users\\srkii\\OneDrive\\Desktop\\Siva\\Coding Challenges\\coding-challenges\\src\\2\\tokens.ts": {"path":"C:\\Users\\srkii\\OneDrive\\Desktop\\Siva\\Coding Challenges\\coding-challenges\\src\\2\\tokens.ts","statementMap":{"0":{"start":{"line":1,"column":0},"end":{"line":1,"column":null}},"1":{"start":{"line":2,"column":2},"end":{"line":2,"column":null}},"2":{"start":{"line":3,"column":2},"end":{"line":3,"column":null}},"3":{"start":{"line":4,"column":2},"end":{"line":4,"column":null}},"4":{"start":{"line":5,"column":2},"end":{"line":5,"column":null}},"5":{"start":{"line":6,"column":2},"end":{"line":6,"column":null}},"6":{"start":{"line":7,"column":2},"end":{"line":7,"column":null}},"7":{"start":{"line":8,"column":2},"end":{"line":8,"column":null}},"8":{"start":{"line":9,"column":2},"end":{"line":9,"column":null}},"9":{"start":{"line":10,"column":2},"end":{"line":10,"column":null}},"10":{"start":{"line":11,"column":2},"end":{"line":11,"column":null}},"11":{"start":{"line":12,"column":2},"end":{"line":12,"column":null}},"12":{"start":{"line":13,"column":2},"end":{"line":13,"column":null}},"13":{"start":{"line":14,"column":2},"end":{"line":14,"column":null}},"14":{"start":{"line":15,"column":2},"end":{"line":15,"column":null}},"15":{"start":{"line":16,"column":2},"end":{"line":16,"column":null}},"16":{"start":{"line":19,"column":0},"end":{"line":19,"column":null}},"17":{"start":{"line":20,"column":2},"end":{"line":20,"column":null}},"18":{"start":{"line":21,"column":2},"end":{"line":21,"column":null}},"19":{"start":{"line":22,"column":2},"end":{"line":22,"column":null}},"20":{"start":{"line":23,"column":2},"end":{"line":23,"column":null}},"21":{"start":{"line":24,"column":2},"end":{"line":24,"column":null}},"22":{"start":{"line":25,"column":2},"end":{"line":25,"column":null}},"23":{"start":{"line":26,"column":2},"end":{"line":26,"column":null}},"24":{"start":{"line":27,"column":2},"end":{"line":27,"column":null}},"25":{"start":{"line":28,"column":2},"end":{"line":28,"column":null}},"26":{"start":{"line":31,"column":0},"end":{"line":31,"column":null}},"27":{"start":{"line":32,"column":2},"end":{"line":32,"column":null}},"28":{"start":{"line":33,"column":2},"end":{"line":33,"column":null}},"29":{"start":{"line":34,"column":2},"end":{"line":34,"column":null}},"30":{"start":{"line":35,"column":2},"end":{"line":35,"column":null}},"31":{"start":{"line":36,"column":2},"end":{"line":36,"column":null}},"32":{"start":{"line":37,"column":2},"end":{"line":37,"column":null}},"33":{"start":{"line":38,"column":2},"end":{"line":38,"column":null}},"34":{"start":{"line":39,"column":2},"end":{"line":39,"column":null}},"35":{"start":{"line":40,"column":2},"end":{"line":40,"column":null}},"36":{"start":{"line":41,"column":2},"end":{"line":41,"column":null}},"37":{"start":{"line":42,"column":2},"end":{"line":42,"column":null}},"38":{"start":{"line":43,"column":2},"end":{"line":43,"column":null}},"39":{"start":{"line":44,"column":2},"end":{"line":44,"column":null}},"40":{"start":{"line":45,"column":2},"end":{"line":45,"column":null}},"41":{"start":{"line":46,"column":2},"end":{"line":46,"column":null}},"42":{"start":{"line":47,"column":2},"end":{"line":47,"column":null}},"43":{"start":{"line":48,"column":2},"end":{"line":48,"column":null}},"44":{"start":{"line":49,"column":2},"end":{"line":49,"column":null}}},"fnMap":{"0":{"name":"(anonymous_0)","decl":{"start":{"line":1,"column":0},"end":{"line":1,"column":5}},"loc":{"start":{"line":1,"column":16},"end":{"line":17,"column":1}}},"1":{"name":"(anonymous_1)","decl":{"start":{"line":19,"column":0},"end":{"line":19,"column":5}},"loc":{"start":{"line":19,"column":16},"end":{"line":29,"column":1}}},"2":{"name":"(anonymous_2)","decl":{"start":{"line":31,"column":0},"end":{"line":31,"column":5}},"loc":{"start":{"line":31,"column":10},"end":{"line":50,"column":1}}}},"branchMap":{"0":{"loc":{"start":{"line":1,"column":5},"end":{"line":1,"column":null}},"type":"binary-expr","locations":[{"start":{"line":1,"column":5},"end":{"line":1,"column":16}},{"start":{"line":1,"column":16},"end":{"line":1,"column":null}}]},"1":{"loc":{"start":{"line":19,"column":5},"end":{"line":19,"column":null}},"type":"binary-expr","locations":[{"start":{"line":19,"column":5},"end":{"line":19,"column":16}},{"start":{"line":19,"column":16},"end":{"line":19,"column":null}}]},"2":{"loc":{"start":{"line":31,"column":5},"end":{"line":31,"column":null}},"type":"binary-expr","locations":[{"start":{"line":31,"column":5},"end":{"line":31,"column":10}},{"start":{"line":31,"column":10},"end":{"line":31,"column":null}}]}},"s":{"0":5,"1":5,"2":5,"3":5,"4":5,"5":5,"6":5,"7":5,"8":5,"9":5,"10":5,"11":5,"12":5,"13":5,"14":5,"15":5,"16":5,"17":5,"18":5,"19":5,"20":5,"21":5,"22":5,"23":5,"24":5,"25":5,"26":5,"27":5,"28":5,"29":5,"30":5,"31":5,"32":5,"33":5,"34":5,"35":5,"36":5,"37":5,"38":5,"39":5,"40":5,"41":5,"42":5,"43":5,"44":5},"f":{"0":5,"1":5,"2":5},"b":{"0":[5,5],"1":[5,5],"2":[5,5]}}
}
