TN:
SF:src\2\json-parser.ts
FN:15,(anonymous_0)
FN:19,(anonymous_1)
FN:37,(anonymous_2)
FN:71,(anonymous_3)
FN:100,(anonymous_4)
FN:107,(anonymous_5)
FN:140,(anonymous_6)
FN:163,(anonymous_7)
FN:215,(anonymous_8)
FN:223,(anonymous_9)
FN:232,(anonymous_10)
FN:240,(anonymous_11)
FN:279,(anonymous_12)
FN:317,(anonymous_13)
FN:323,(anonymous_14)
FN:347,(anonymous_15)
FN:352,(anonymous_16)
FN:356,(anonymous_17)
FNF:18
FNH:18
FNDA:47,(anonymous_0)
FNDA:47,(anonymous_1)
FNDA:216,(anonymous_2)
FNDA:30,(anonymous_3)
FNDA:77,(anonymous_4)
FNDA:68,(anonymous_5)
FNDA:129,(anonymous_6)
FNDA:37,(anonymous_7)
FNDA:8,(anonymous_8)
FNDA:3,(anonymous_9)
FNDA:3,(anonymous_10)
FNDA:42,(anonymous_11)
FNDA:61,(anonymous_12)
FNDA:75,(anonymous_13)
FNDA:846,(anonymous_14)
FNDA:14,(anonymous_15)
FNDA:11852,(anonymous_16)
FNDA:1308,(anonymous_17)
DA:1,5
DA:4,5
DA:5,5
DA:9,5
DA:11,5
DA:12,47
DA:16,47
DA:20,47
DA:22,47
DA:24,14
DA:26,14
DA:27,3
DA:30,3
DA:33,11
DA:34,11
DA:38,216
DA:40,30
DA:42,68
DA:44,52
DA:46,8
DA:48,3
DA:50,3
DA:62,42
DA:64,10
DA:67,10
DA:72,30
DA:73,30
DA:77,30
DA:79,30
DA:80,77
DA:81,66
DA:84,66
DA:85,51
DA:86,51
DA:87,15
DA:88,3
DA:89,3
DA:90,3
DA:92,12
DA:96,16
DA:97,16
DA:101,77
DA:102,72
DA:103,70
DA:104,66
DA:108,68
DA:109,68
DA:113,68
DA:115,68
DA:116,99
DA:117,83
DA:120,83
DA:121,34
DA:122,34
DA:123,49
DA:124,3
DA:125,3
DA:130,3
DA:132,46
DA:136,49
DA:137,49
DA:141,129
DA:142,129
DA:144,124
DA:145,1308
DA:146,37
DA:148,1271
DA:149,2
DA:152,2
DA:154,1269
DA:155,1269
DA:159,118
DA:160,118
DA:166,37
DA:169,37
DA:170,1
DA:171,1
DA:174,36
DA:178,10
DA:179,10
DA:180,10
DA:183,2
DA:184,2
DA:186,2
DA:187,2
DA:189,2
DA:190,2
DA:192,2
DA:193,2
DA:195,2
DA:196,2
DA:198,13
DA:199,13
DA:201,13
DA:202,0
DA:203,0
DA:206,13
DA:207,13
DA:210,3
DA:211,3
DA:216,8
DA:217,8
DA:218,8
DA:219,8
DA:220,7
DA:224,3
DA:225,3
DA:226,3
DA:227,3
DA:228,3
DA:229,3
DA:233,3
DA:234,3
DA:235,3
DA:236,3
DA:237,3
DA:241,42
DA:244,42
DA:245,2
DA:246,2
DA:250,42
DA:253,42
DA:254,7
DA:255,7
DA:256,7
DA:260,42
DA:264,12
DA:265,12
DA:266,12
DA:270,7
DA:271,7
DA:274,12
DA:276,39
DA:280,61
DA:281,61
DA:282,12
DA:283,12
DA:287,12
DA:288,3
DA:289,3
DA:290,3
DA:293,49
DA:297,46
DA:298,46
DA:300,46
DA:304,61
DA:305,61
DA:308,3
DA:312,3
DA:314,58
DA:318,75
DA:319,0
DA:324,846
DA:325,8
DA:330,8
DA:333,838
DA:334,838
DA:336,801
DA:342,687
DA:348,14
DA:349,14
DA:353,11852
DA:357,1308
LF:163
LH:160
BRDA:26,0,0,3
BRDA:38,1,0,30
BRDA:38,1,1,68
BRDA:38,1,2,52
BRDA:38,1,3,8
BRDA:38,1,4,3
BRDA:38,1,5,3
BRDA:38,1,6,9
BRDA:38,1,7,23
BRDA:38,1,8,28
BRDA:38,1,9,30
BRDA:38,1,10,32
BRDA:38,1,11,34
BRDA:38,1,12,36
BRDA:38,1,13,38
BRDA:38,1,14,38
BRDA:38,1,15,40
BRDA:38,1,16,42
BRDA:38,1,17,10
BRDA:79,2,0,93
BRDA:79,2,1,18
BRDA:84,3,0,51
BRDA:84,3,1,15
BRDA:87,4,0,3
BRDA:87,4,1,12
BRDA:115,5,0,148
BRDA:115,5,1,50
BRDA:120,6,0,34
BRDA:120,6,1,49
BRDA:123,7,0,3
BRDA:123,7,1,46
BRDA:145,8,0,37
BRDA:145,8,1,1271
BRDA:148,9,0,2
BRDA:169,10,0,1
BRDA:174,11,0,6
BRDA:174,11,1,8
BRDA:174,11,2,10
BRDA:174,11,3,2
BRDA:174,11,4,2
BRDA:174,11,5,2
BRDA:174,11,6,2
BRDA:174,11,7,2
BRDA:174,11,8,13
BRDA:174,11,9,3
BRDA:201,12,0,0
BRDA:244,13,0,2
BRDA:253,14,0,7
BRDA:260,15,0,12
BRDA:261,16,0,42
BRDA:261,16,1,32
BRDA:266,17,0,7
BRDA:267,18,0,12
BRDA:267,18,1,8
BRDA:279,19,0,42
BRDA:281,20,0,12
BRDA:281,20,1,49
BRDA:287,21,0,3
BRDA:293,22,0,46
BRDA:293,22,1,3
BRDA:294,23,0,49
BRDA:294,23,1,48
BRDA:301,24,0,107
BRDA:301,24,1,73
BRDA:323,25,0,809
BRDA:324,26,0,8
BRDA:324,27,0,846
BRDA:324,27,1,687
BRDA:334,28,0,801
BRDA:337,29,0,1488
BRDA:337,29,1,992
BRDA:337,29,2,991
BRDA:337,29,3,896
BRF:73
BRH:72
end_of_record
TN:
SF:src\2\tokens.ts
FN:1,(anonymous_0)
FN:19,(anonymous_1)
FN:31,(anonymous_2)
FNF:3
FNH:3
FNDA:5,(anonymous_0)
FNDA:5,(anonymous_1)
FNDA:5,(anonymous_2)
DA:1,5
DA:2,5
DA:3,5
DA:4,5
DA:5,5
DA:6,5
DA:7,5
DA:8,5
DA:9,5
DA:10,5
DA:11,5
DA:12,5
DA:13,5
DA:14,5
DA:15,5
DA:16,5
DA:19,5
DA:20,5
DA:21,5
DA:22,5
DA:23,5
DA:24,5
DA:25,5
DA:26,5
DA:27,5
DA:28,5
DA:31,5
DA:32,5
DA:33,5
DA:34,5
DA:35,5
DA:36,5
DA:37,5
DA:38,5
DA:39,5
DA:40,5
DA:41,5
DA:42,5
DA:43,5
DA:44,5
DA:45,5
DA:46,5
DA:47,5
DA:48,5
DA:49,5
LF:45
LH:45
BRDA:1,0,0,5
BRDA:1,0,1,5
BRDA:19,1,0,5
BRDA:19,1,1,5
BRDA:31,2,0,5
BRDA:31,2,1,5
BRF:6
BRH:6
end_of_record
